        -:    0:Source:cardtest4.c
        -:    0:Graph:cardtest4.gcno
        -:    0:Data:cardtest4.gcda
        -:    0:Runs:1
        -:    0:Programs:1
        -:    1:#include "assert.h"
        -:    2:#include "dominion.h"
        -:    3:#include "rngs.h"
        -:    4:#include <stdio.h>
        -:    5:#include <stdlib.h>
        -:    6:
        -:    7://test card Steward
        1:    8:int main (int argc, char** argv) {
        -:    9:	struct gameState G;
        1:   10:	int result, rando = 0;
        1:   11:	int k[10] = {adventurer, gardens, embargo, village, minion, mine, cutpurse, sea_hag, tribute, smithy};
        1:   12:	rando = rand() % 10;
        1:   13:	result = initializeGame(2, k, rando, &G);
        1:   14:	assert(result == 0);
        1:   15:	printf("Card Test 4:\n");
        -:   16:	
        -:   17:	//test invalid input, no options selected
        1:   18:	result = stewardCard(&G, 1, 0, 0, 0);
        1:   19:	assert(result == 0);
        -:   20:	
        -:   21:	//test invalid input, all options selected
        1:   22:	result = stewardCard(&G, 1, 1, 1, 1);
        1:   23:	assert(result == 0);
        -:   24:	
        -:   25:	//test invalid input, multiple options selected
        1:   26:	result = stewardCard(&G, 1, 0, 1, 1);
        1:   27:	assert(result == 0);
        -:   28:	
        -:   29:	//test invalid input, multiple options selected
        1:   30:	result = stewardCard(&G, 1, 1, 0, 1);
        1:   31:	assert(result == 0);
        -:   32:	
        -:   33:	//test invalid input, multiple options selected
        1:   34:	result = stewardCard(&G, 1, 1, 1, 0);
        1:   35:	assert(result == 0);
        -:   36:	
        -:   37:	//test valid input, choice 1: +2 cards
        1:   38:	result = stewardCard(&G, 1, 1, 0, 0);
        1:   39:	assert(result == 0);
        -:   40:	
        -:   41:	//test valid input, choice 2, +2 coin
        1:   42:	result = stewardCard(&G, 1, 0, 1, 0);
        1:   43:	assert(result == 0);
        -:   44:	
        -:   45:	//test valid input, choice 3, trash two cards
        1:   46:	result = stewardCard(&G, 1, 0, 0, 1);
        1:   47:	assert(result == 0);
        -:   48:	
        1:   49:	printf("TEST SUCCESSFULLY COMPLETED.\n");
        1:   50:	return 0;
        -:   51:}
