        -:    0:Source:cardtest3.c
        -:    0:Graph:cardtest3.gcno
        -:    0:Data:cardtest3.gcda
        -:    0:Runs:1
        -:    0:Programs:1
        -:    1:#include "assert.h"
        -:    2:#include "dominion.h"
        -:    3:#include "rngs.h"
        -:    4:#include <stdio.h>
        -:    5:#include <stdlib.h>
        -:    6:
        -:    7://test card Ambassador
        1:    8:int main (int argc, char** argv) {
        -:    9:	struct gameState G;
        1:   10:	int result, rando = 0;
        1:   11:	int k[10] = {adventurer, gardens, embargo, village, minion, mine, cutpurse, sea_hag, tribute, smithy};
        1:   12:	rando = rand() % 10;
        1:   13:	result = initializeGame(2, k, rando, &G);
        1:   14:	assert(result == 0);
        1:   15:	printf("Card Test 3:\n");
        -:   16:	
        -:   17:	//test invalid input, no card revealed from hand
        1:   18:	result = ambassadorCard(&G, 1, 0, 0);
        1:   19:	assert(result == 0);
        -:   20:	
        -:   21:	//test invalid input, unlikely hand size
        1:   22:	result = ambassadorCard(&G, 1, 20, 2);
        -:   23:	//assert(result == 0);	//causes core dump
        -:   24:	
        -:   25:	//test valid input
        1:   26:	result = ambassadorCard(&G, 1, 0, 1);
        -:   27:	//assert(result == 0);	//causes core dump
        -:   28:	
        1:   29:	printf("TEST SUCCESSFULLY COMPLETED.\n");
        1:   30:	return 0;
        -:   31:}
