        -:    0:Source:dominion.c
        -:    0:Graph:dominion.gcno
        -:    0:Data:dominion.gcda
        -:    0:Runs:1
        -:    0:Programs:1
        -:    1:#include "dominion.h"
        -:    2:#include "dominion_helpers.h"
        -:    3:#include "rngs.h"
        -:    4:#include <stdio.h>
        -:    5:#include <math.h>
        -:    6:#include <stdlib.h>
        -:    7:
       30:    8:int compare(const void* a, const void* b) {
       30:    9:  if (*(int*)a > *(int*)b)
    #####:   10:    return 1;
       30:   11:  if (*(int*)a < *(int*)b)
        8:   12:    return -1;
       22:   13:  return 0;
        -:   14:}
        -:   15:
    #####:   16:struct gameState* newGame() {
    #####:   17:  struct gameState* g = malloc(sizeof(struct gameState));
    #####:   18:  return g;
        -:   19:}
        -:   20:
    #####:   21:int* kingdomCards(int k1, int k2, int k3, int k4, int k5, int k6, int k7,
        -:   22:		  int k8, int k9, int k10) {
    #####:   23:  int* k = malloc(10 * sizeof(int));
    #####:   24:  k[0] = k1;
    #####:   25:  k[1] = k2;
    #####:   26:  k[2] = k3;
    #####:   27:  k[3] = k4;
    #####:   28:  k[4] = k5;
    #####:   29:  k[5] = k6;
    #####:   30:  k[6] = k7;
    #####:   31:  k[7] = k8;
    #####:   32:  k[8] = k9;
    #####:   33:  k[9] = k10;
    #####:   34:  return k;
        -:   35:}
        -:   36:
        1:   37:int initializeGame(int numPlayers, int kingdomCards[10], int randomSeed,
        -:   38:		   struct gameState *state) {
        -:   39:
        -:   40:  int i;
        -:   41:  int j;
        -:   42:  int it;			
        -:   43:  //set up random number generator
        1:   44:  SelectStream(1);
        1:   45:  PutSeed((long)randomSeed);
        -:   46:  
        -:   47:  //check number of players
        1:   48:  if (numPlayers > MAX_PLAYERS || numPlayers < 2)
        -:   49:    {
    #####:   50:      return -1;
        -:   51:    }
        -:   52:
        -:   53:  //set number of players
        1:   54:  state->numPlayers = numPlayers;
        -:   55:
        -:   56:  //check selected kingdom cards are different
       11:   57:  for (i = 0; i < 10; i++)
        -:   58:    {
      110:   59:      for (j = 0; j < 10; j++)
        -:   60:        {
      100:   61:	  if (j != i && kingdomCards[j] == kingdomCards[i])
        -:   62:	    {
    #####:   63:	      return -1;
        -:   64:	    }
        -:   65:        }
        -:   66:    }
        -:   67:
        -:   68:
        -:   69:  //initialize supply
        -:   70:  ///////////////////////////////
        -:   71:
        -:   72:  //set number of Curse cards
        1:   73:  if (numPlayers == 2)
        -:   74:    {
        1:   75:      state->supplyCount[curse] = 10;
        -:   76:    }
    #####:   77:  else if (numPlayers == 3)
        -:   78:    {
    #####:   79:      state->supplyCount[curse] = 20;
        -:   80:    }
        -:   81:  else
        -:   82:    {
    #####:   83:      state->supplyCount[curse] = 30;
        -:   84:    }
        -:   85:
        -:   86:  //set number of Victory cards
        1:   87:  if (numPlayers == 2)
        -:   88:    {
        1:   89:      state->supplyCount[estate] = 8;
        1:   90:      state->supplyCount[duchy] = 8;
        1:   91:      state->supplyCount[province] = 8;
        -:   92:    }
        -:   93:  else
        -:   94:    {
    #####:   95:      state->supplyCount[estate] = 12;
    #####:   96:      state->supplyCount[duchy] = 12;
    #####:   97:      state->supplyCount[province] = 12;
        -:   98:    }
        -:   99:
        -:  100:  //set number of Treasure cards
        1:  101:  state->supplyCount[copper] = 60 - (7 * numPlayers);
        1:  102:  state->supplyCount[silver] = 40;
        1:  103:  state->supplyCount[gold] = 30;
        -:  104:
        -:  105:  //set number of Kingdom cards
       21:  106:  for (i = adventurer; i <= treasure_map; i++)       	//loop all cards
        -:  107:    {
      165:  108:      for (j = 0; j < 10; j++)           		//loop chosen cards
        -:  109:	{
      155:  110:	  if (kingdomCards[j] == i)
        -:  111:	    {
        -:  112:	      //check if card is a 'Victory' Kingdom card
       10:  113:	      if (kingdomCards[j] == great_hall || kingdomCards[j] == gardens)
        -:  114:		{
        2:  115:		  if (numPlayers == 2){ 
        1:  116:		    state->supplyCount[i] = 8; 
        -:  117:		  }
    #####:  118:		  else{ state->supplyCount[i] = 12; }
        -:  119:		}
        -:  120:	      else
        -:  121:		{
        9:  122:		  state->supplyCount[i] = 10;
        -:  123:		}
       10:  124:	      break;
        -:  125:	    }
        -:  126:	  else    //card is not in the set choosen for the game
        -:  127:	    {
      145:  128:	      state->supplyCount[i] = -1;
        -:  129:	    }
        -:  130:	}
        -:  131:
        -:  132:    }
        -:  133:
        -:  134:  ////////////////////////
        -:  135:  //supply intilization complete
        -:  136:
        -:  137:  //set player decks
        3:  138:  for (i = 0; i < numPlayers; i++)
        -:  139:    {
        2:  140:      state->deckCount[i] = 0;
        8:  141:      for (j = 0; j < 3; j++)
        -:  142:	{
        6:  143:	  state->deck[i][j] = estate;
        6:  144:	  state->deckCount[i]++;
        -:  145:	}
       16:  146:      for (j = 3; j < 10; j++)
        -:  147:	{
       14:  148:	  state->deck[i][j] = copper;
       14:  149:	  state->deckCount[i]++;		
        -:  150:	}
        -:  151:    }
        -:  152:
        -:  153:  //shuffle player decks
        3:  154:  for (i = 0; i < numPlayers; i++)
        -:  155:    {
        2:  156:      if ( shuffle(i, state) < 0 )
        -:  157:	{
    #####:  158:	  return -1;
        -:  159:	}
        -:  160:    }
        -:  161:
        -:  162:  //draw player hands
        3:  163:  for (i = 0; i < numPlayers; i++)
        -:  164:    {  
        -:  165:      //initialize hand size to zero
        2:  166:      state->handCount[i] = 0;
        2:  167:      state->discardCount[i] = 0;
        -:  168:      //draw 5 cards
        -:  169:      // for (j = 0; j < 5; j++)
        -:  170:      //	{
        -:  171:      //	  drawCard(i, state);
        -:  172:      //	}
        -:  173:    }
        -:  174:  
        -:  175:  //set embargo tokens to 0 for all supply piles
       28:  176:  for (i = 0; i <= treasure_map; i++)
        -:  177:    {
       27:  178:      state->embargoTokens[i] = 0;
        -:  179:    }
        -:  180:
        -:  181:  //initialize first player's turn
        1:  182:  state->outpostPlayed = 0;
        1:  183:  state->phase = 0;
        1:  184:  state->numActions = 1;
        1:  185:  state->numBuys = 1;
        1:  186:  state->playedCardCount = 0;
        1:  187:  state->whoseTurn = 0;
        1:  188:  state->handCount[state->whoseTurn] = 0;
        -:  189:  //int it; move to top
        -:  190:
        -:  191:  //Moved draw cards to here, only drawing at the start of a turn
        6:  192:  for (it = 0; it < 5; it++){
        5:  193:    drawCard(state->whoseTurn, state);
        -:  194:  }
        -:  195:
        1:  196:  updateCoins(state->whoseTurn, state, 0);
        -:  197:
        1:  198:  return 0;
        -:  199:}
        -:  200:
        5:  201:int shuffle(int player, struct gameState *state) {
        -:  202: 
        -:  203:
        -:  204:  int newDeck[MAX_DECK];
        5:  205:  int newDeckPos = 0;
        -:  206:  int card;
        -:  207:  int i;
        -:  208:
        5:  209:  if (state->deckCount[player] < 1)
        3:  210:    return -1;
        2:  211:  qsort ((void*)(state->deck[player]), state->deckCount[player], sizeof(int), compare); 
        -:  212:  /* SORT CARDS IN DECK TO ENSURE DETERMINISM! */
        -:  213:
       24:  214:  while (state->deckCount[player] > 0) {
       20:  215:    card = floor(Random() * state->deckCount[player]);
       20:  216:    newDeck[newDeckPos] = state->deck[player][card];
       20:  217:    newDeckPos++;
       62:  218:    for (i = card; i < state->deckCount[player]-1; i++) {
       42:  219:      state->deck[player][i] = state->deck[player][i+1];
        -:  220:    }
       20:  221:    state->deckCount[player]--;
        -:  222:  }
       22:  223:  for (i = 0; i < newDeckPos; i++) {
       20:  224:    state->deck[player][i] = newDeck[i];
       20:  225:    state->deckCount[player]++;
        -:  226:  }
        -:  227:
        2:  228:  return 0;
        -:  229:}
        -:  230:
    #####:  231:int playCard(int handPos, int choice1, int choice2, int choice3, struct gameState *state) 
        -:  232:{	
        -:  233:  int card;
    #####:  234:  int coin_bonus = 0; 		//tracks coins gain from actions
        -:  235:
        -:  236:  //check if it is the right phase
    #####:  237:  if (state->phase != 0)
        -:  238:    {
    #####:  239:      return -1;
        -:  240:    }
        -:  241:	
        -:  242:  //check if player has enough actions
    #####:  243:  if ( state->numActions < 1 )
        -:  244:    {
    #####:  245:      return -1;
        -:  246:    }
        -:  247:	
        -:  248:  //get card played
    #####:  249:  card = handCard(handPos, state);
        -:  250:	
        -:  251:  //check if selected card is an action
    #####:  252:  if ( card < adventurer || card > treasure_map )
        -:  253:    {
    #####:  254:      return -1;
        -:  255:    }
        -:  256:	
        -:  257:  //play card
    #####:  258:  if ( cardEffect(card, choice1, choice2, choice3, state, handPos, &coin_bonus) < 0 )
        -:  259:    {
    #####:  260:      return -1;
        -:  261:    }
        -:  262:	
        -:  263:  //reduce number of actions
    #####:  264:  state->numActions--;
        -:  265:
        -:  266:  //update coins (Treasure cards may be added with card draws)
    #####:  267:  updateCoins(state->whoseTurn, state, coin_bonus);
        -:  268:	
    #####:  269:  return 0;
        -:  270:}
        -:  271:
    #####:  272:int buyCard(int supplyPos, struct gameState *state) {
        -:  273:  int who;
        -:  274:  if (DEBUG){
        -:  275:    printf("Entering buyCard...\n");
        -:  276:  }
        -:  277:
        -:  278:  // I don't know what to do about the phase thing.
        -:  279:
    #####:  280:  who = state->whoseTurn;
        -:  281:
    #####:  282:  if (state->numBuys < 1){
        -:  283:    if (DEBUG)
        -:  284:      printf("You do not have any buys left\n");
    #####:  285:    return -1;
    #####:  286:  } else if (supplyCount(supplyPos, state) <1){
        -:  287:    if (DEBUG)
        -:  288:      printf("There are not any of that type of card left\n");
    #####:  289:    return -1;
    #####:  290:  } else if (state->coins < getCost(supplyPos)){
        -:  291:    if (DEBUG) 
        -:  292:      printf("You do not have enough money to buy that. You have %d coins.\n", state->coins);
    #####:  293:    return -1;
        -:  294:  } else {
    #####:  295:    state->phase=1;
        -:  296:    //state->supplyCount[supplyPos]--;
    #####:  297:    gainCard(supplyPos, state, 0, who); //card goes in discard, this might be wrong.. (2 means goes into hand, 0 goes into discard)
        -:  298:  
    #####:  299:    state->coins = (state->coins) - (getCost(supplyPos));
    #####:  300:    state->numBuys--;
        -:  301:    if (DEBUG)
        -:  302:      printf("You bought card number %d for %d coins. You now have %d buys and %d coins.\n", supplyPos, getCost(supplyPos), state->numBuys, state->coins);
        -:  303:  }
        -:  304:
        -:  305:  //state->discard[who][state->discardCount[who]] = supplyPos;
        -:  306:  //state->discardCount[who]++;
        -:  307:    
    #####:  308:  return 0;
        -:  309:}
        -:  310:
    #####:  311:int numHandCards(struct gameState *state) {
    #####:  312:  return state->handCount[ whoseTurn(state) ];
        -:  313:}
        -:  314:
    #####:  315:int handCard(int handPos, struct gameState *state) {
    #####:  316:  int currentPlayer = whoseTurn(state);
    #####:  317:  return state->hand[currentPlayer][handPos];
        -:  318:}
        -:  319:
    #####:  320:int supplyCount(int card, struct gameState *state) {
    #####:  321:  return state->supplyCount[card];
        -:  322:}
        -:  323:
    #####:  324:int fullDeckCount(int player, int card, struct gameState *state) {
        -:  325:  int i;
    #####:  326:  int count = 0;
        -:  327:
    #####:  328:  for (i = 0; i < state->deckCount[player]; i++)
        -:  329:    {
    #####:  330:      if (state->deck[player][i] == card) count++;
        -:  331:    }
        -:  332:
    #####:  333:  for (i = 0; i < state->handCount[player]; i++)
        -:  334:    {
    #####:  335:      if (state->hand[player][i] == card) count++;
        -:  336:    }
        -:  337:
    #####:  338:  for (i = 0; i < state->discardCount[player]; i++)
        -:  339:    {
    #####:  340:      if (state->discard[player][i] == card) count++;
        -:  341:    }
        -:  342:
    #####:  343:  return count;
        -:  344:}
        -:  345:
        8:  346:int whoseTurn(struct gameState *state) {
        8:  347:  return state->whoseTurn;
        -:  348:}
        -:  349:
    #####:  350:int endTurn(struct gameState *state) {
        -:  351:  int k;
        -:  352:  int i;
    #####:  353:  int currentPlayer = whoseTurn(state);
        -:  354:  
        -:  355:  //Discard hand
    #####:  356:  for (i = 0; i < state->handCount[currentPlayer]; i++){
    #####:  357:    state->discard[currentPlayer][state->discardCount[currentPlayer]++] = state->hand[currentPlayer][i];//Discard
    #####:  358:    state->hand[currentPlayer][i] = -1;//Set card to -1
        -:  359:  }
    #####:  360:  state->handCount[currentPlayer] = 0;//Reset hand count
        -:  361:    
        -:  362:  //Code for determining the player
    #####:  363:  if (currentPlayer < (state->numPlayers - 1)){ 
    #####:  364:    state->whoseTurn = currentPlayer + 1;//Still safe to increment
        -:  365:  }
        -:  366:  else{
    #####:  367:    state->whoseTurn = 0;//Max player has been reached, loop back around to player 1
        -:  368:  }
        -:  369:
    #####:  370:  state->outpostPlayed = 0;
    #####:  371:  state->phase = 0;
    #####:  372:  state->numActions = 1;
    #####:  373:  state->coins = 0;
    #####:  374:  state->numBuys = 1;
    #####:  375:  state->playedCardCount = 0;
    #####:  376:  state->handCount[state->whoseTurn] = 0;
        -:  377:
        -:  378:  //int k; move to top
        -:  379:  //Next player draws hand
    #####:  380:  for (k = 0; k < 5; k++){
    #####:  381:    drawCard(state->whoseTurn, state);//Draw a card
        -:  382:  }
        -:  383:
        -:  384:  //Update money
    #####:  385:  updateCoins(state->whoseTurn, state , 0);
        -:  386:
    #####:  387:  return 0;
        -:  388:}
        -:  389:
    #####:  390:int isGameOver(struct gameState *state) {
        -:  391:  int i;
        -:  392:  int j;
        -:  393:	
        -:  394:  //if stack of Province cards is empty, the game ends
    #####:  395:  if (state->supplyCount[province] == 0)
        -:  396:    {
    #####:  397:      return 1;
        -:  398:    }
        -:  399:
        -:  400:  //if three supply pile are at 0, the game ends
    #####:  401:  j = 0;
    #####:  402:  for (i = 0; i < 25; i++)
        -:  403:    {
    #####:  404:      if (state->supplyCount[i] == 0)
        -:  405:	{
    #####:  406:	  j++;
        -:  407:	}
        -:  408:    }
    #####:  409:  if ( j >= 3)
        -:  410:    {
    #####:  411:      return 1;
        -:  412:    }
        -:  413:
    #####:  414:  return 0;
        -:  415:}
        -:  416:
    #####:  417:int scoreFor (int player, struct gameState *state) {
        -:  418:
        -:  419:  int i;
    #####:  420:  int score = 0;
        -:  421:  //score from hand
    #####:  422:  for (i = 0; i < state->handCount[player]; i++)
        -:  423:    {
    #####:  424:      if (state->hand[player][i] == curse) { score = score - 1; };
    #####:  425:      if (state->hand[player][i] == estate) { score = score + 1; };
    #####:  426:      if (state->hand[player][i] == duchy) { score = score + 3; };
    #####:  427:      if (state->hand[player][i] == province) { score = score + 6; };
    #####:  428:      if (state->hand[player][i] == great_hall) { score = score + 1; };
    #####:  429:      if (state->hand[player][i] == gardens) { score = score + ( fullDeckCount(player, 0, state) / 10 ); };
        -:  430:    }
        -:  431:
        -:  432:  //score from discard
    #####:  433:  for (i = 0; i < state->discardCount[player]; i++)
        -:  434:    {
    #####:  435:      if (state->discard[player][i] == curse) { score = score - 1; };
    #####:  436:      if (state->discard[player][i] == estate) { score = score + 1; };
    #####:  437:      if (state->discard[player][i] == duchy) { score = score + 3; };
    #####:  438:      if (state->discard[player][i] == province) { score = score + 6; };
    #####:  439:      if (state->discard[player][i] == great_hall) { score = score + 1; };
    #####:  440:      if (state->discard[player][i] == gardens) { score = score + ( fullDeckCount(player, 0, state) / 10 ); };
        -:  441:    }
        -:  442:
        -:  443:  //score from deck
    #####:  444:  for (i = 0; i < state->discardCount[player]; i++)
        -:  445:    {
    #####:  446:      if (state->deck[player][i] == curse) { score = score - 1; };
    #####:  447:      if (state->deck[player][i] == estate) { score = score + 1; };
    #####:  448:      if (state->deck[player][i] == duchy) { score = score + 3; };
    #####:  449:      if (state->deck[player][i] == province) { score = score + 6; };
    #####:  450:      if (state->deck[player][i] == great_hall) { score = score + 1; };
    #####:  451:      if (state->deck[player][i] == gardens) { score = score + ( fullDeckCount(player, 0, state) / 10 ); };
        -:  452:    }
        -:  453:
    #####:  454:  return score;
        -:  455:}
        -:  456:
    #####:  457:int getWinners(int players[MAX_PLAYERS], struct gameState *state) {
        -:  458:  int i;	
        -:  459:  int j;
        -:  460:  int highScore;
        -:  461:  int currentPlayer;
        -:  462:
        -:  463:  //get score for each player
    #####:  464:  for (i = 0; i < MAX_PLAYERS; i++)
        -:  465:    {
        -:  466:      //set unused player scores to -9999
    #####:  467:      if (i >= state->numPlayers)
        -:  468:	{
    #####:  469:	  players[i] = -9999;
        -:  470:	}
        -:  471:      else
        -:  472:	{
    #####:  473:	  players[i] = scoreFor (i, state);
        -:  474:	}
        -:  475:    }
        -:  476:
        -:  477:  //find highest score
    #####:  478:  j = 0;
    #####:  479:  for (i = 0; i < MAX_PLAYERS; i++)
        -:  480:    {
    #####:  481:      if (players[i] > players[j])
        -:  482:	{
    #####:  483:	  j = i;
        -:  484:	}
        -:  485:    }
    #####:  486:  highScore = players[j];
        -:  487:
        -:  488:  //add 1 to players who had less turns
    #####:  489:  currentPlayer = whoseTurn(state);
    #####:  490:  for (i = 0; i < MAX_PLAYERS; i++)
        -:  491:    {
    #####:  492:      if ( players[i] == highScore && i > currentPlayer )
        -:  493:	{
    #####:  494:	  players[i]++;
        -:  495:	}
        -:  496:    }
        -:  497:
        -:  498:  //find new highest score
    #####:  499:  j = 0;
    #####:  500:  for (i = 0; i < MAX_PLAYERS; i++)
        -:  501:    {
    #####:  502:      if ( players[i] > players[j] )
        -:  503:	{
    #####:  504:	  j = i;
        -:  505:	}
        -:  506:    }
    #####:  507:  highScore = players[j];
        -:  508:
        -:  509:  //set winners in array to 1 and rest to 0
    #####:  510:  for (i = 0; i < MAX_PLAYERS; i++)
        -:  511:    {
    #####:  512:      if ( players[i] == highScore )
        -:  513:	{
    #####:  514:	  players[i] = 1;
        -:  515:	}
        -:  516:      else
        -:  517:	{
    #####:  518:	  players[i] = 0;
        -:  519:	}
        -:  520:    }
        -:  521:
    #####:  522:  return 0;
        -:  523:}
        -:  524:
       13:  525:int drawCard(int player, struct gameState *state)
        -:  526:{	int count;
        -:  527:  int deckCounter;
       13:  528:  if (state->deckCount[player] <= 0){//Deck is empty
        -:  529:    
        -:  530:    //Step 1 Shuffle the discard pile back into a deck
        -:  531:    int i;
        -:  532:    //Move discard to deck
        3:  533:    for (i = 0; i < state->discardCount[player];i++){
    #####:  534:      state->deck[player][i] = state->discard[player][i];
    #####:  535:      state->discard[player][i] = -1;
        -:  536:    }
        -:  537:
        3:  538:    state->deckCount[player] = state->discardCount[player];
        3:  539:    state->discardCount[player] = 0;//Reset discard
        -:  540:
        -:  541:    //Shufffle the deck
        3:  542:    shuffle(player, state);//Shuffle the deck up and make it so that we can draw
        -:  543:   
        -:  544:    if (DEBUG){//Debug statements
        -:  545:      printf("Deck count now: %d\n", state->deckCount[player]);
        -:  546:    }
        -:  547:    
        3:  548:    state->discardCount[player] = 0;
        -:  549:
        -:  550:    //Step 2 Draw Card
        3:  551:    count = state->handCount[player];//Get current player's hand count
        -:  552:    
        -:  553:    if (DEBUG){//Debug statements
        -:  554:      printf("Current hand count: %d\n", count);
        -:  555:    }
        -:  556:    
        3:  557:    deckCounter = state->deckCount[player];//Create a holder for the deck count
        -:  558:
        3:  559:    if (deckCounter == 0)
        3:  560:      return -1;
        -:  561:
    #####:  562:    state->hand[player][count] = state->deck[player][deckCounter - 1];//Add card to hand
    #####:  563:    state->deckCount[player]--;
    #####:  564:    state->handCount[player]++;//Increment hand count
        -:  565:  }
        -:  566:
        -:  567:  else{
       10:  568:    int count = state->handCount[player];//Get current hand count for player
        -:  569:    int deckCounter;
        -:  570:    if (DEBUG){//Debug statements
        -:  571:      printf("Current hand count: %d\n", count);
        -:  572:    }
        -:  573:
       10:  574:    deckCounter = state->deckCount[player];//Create holder for the deck count
       10:  575:    state->hand[player][count] = state->deck[player][deckCounter - 1];//Add card to the hand
       10:  576:    state->deckCount[player]--;
       10:  577:    state->handCount[player]++;//Increment hand count
        -:  578:  }
        -:  579:
       10:  580:  return 0;
        -:  581:}
        -:  582:
    #####:  583:int getCost(int cardNumber)
        -:  584:{
    #####:  585:  switch( cardNumber ) 
        -:  586:    {
        -:  587:    case curse:
    #####:  588:      return 0;
        -:  589:    case estate:
    #####:  590:      return 2;
        -:  591:    case duchy:
    #####:  592:      return 5;
        -:  593:    case province:
    #####:  594:      return 8;
        -:  595:    case copper:
    #####:  596:      return 0;
        -:  597:    case silver:
    #####:  598:      return 3;
        -:  599:    case gold:
    #####:  600:      return 6;
        -:  601:    case adventurer:
    #####:  602:      return 6;
        -:  603:    case council_room:
    #####:  604:      return 5;
        -:  605:    case feast:
    #####:  606:      return 4;
        -:  607:    case gardens:
    #####:  608:      return 4;
        -:  609:    case mine:
    #####:  610:      return 5;
        -:  611:    case remodel:
    #####:  612:      return 4;
        -:  613:    case smithy:
    #####:  614:      return 4;
        -:  615:    case village:
    #####:  616:      return 3;
        -:  617:    case baron:
    #####:  618:      return 4;
        -:  619:    case great_hall:
    #####:  620:      return 3;
        -:  621:    case minion:
    #####:  622:      return 5;
        -:  623:    case steward:
    #####:  624:      return 3;
        -:  625:    case tribute:
    #####:  626:      return 5;
        -:  627:    case ambassador:
    #####:  628:      return 3;
        -:  629:    case cutpurse:
    #####:  630:      return 4;
        -:  631:    case embargo: 
    #####:  632:      return 2;
        -:  633:    case outpost:
    #####:  634:      return 5;
        -:  635:    case salvager:
    #####:  636:      return 4;
        -:  637:    case sea_hag:
    #####:  638:      return 4;
        -:  639:    case treasure_map:
    #####:  640:      return 4;
        -:  641:    }
        -:  642:	
    #####:  643:  return -1;
        -:  644:}
        -:  645:
        -:  646:
        -:  647:
        -:  648://START REFACTORING
    #####:  649:int adventurerCard(struct gameState *state, int handPos, int drawntreasure, int *temphand){
    #####:  650:	int currentPlayer = whoseTurn(state);
    #####:  651:	int z = 0;
        -:  652:	
    #####:  653:	while(drawntreasure<2){
    #####:  654:		if (state->deckCount[currentPlayer] <1){//if the deck is empty we need to shuffle discard and add to deck
    #####:  655:			shuffle(currentPlayer, state);
        -:  656:		}
    #####:  657:		drawCard(currentPlayer, state);
    #####:  658:		int cardDrawn = state->hand[currentPlayer][state->handCount[currentPlayer]-1];//top card of hand is most recently drawn card.
    #####:  659:		if (cardDrawn == copper || cardDrawn == silver || cardDrawn == gold)
    #####:  660:			drawntreasure++;
        -:  661:		else{
    #####:  662:			temphand[z]=cardDrawn;
    #####:  663:			state->handCount[currentPlayer]--; //this should just remove the top card (the most recently drawn one).
        -:  664:			//BUG: "z++;" commented out, all non-Treasure cards drawn to temphand[0]. Only the last drawn will be discarded in the following while loop.
        -:  665:	}}
        -:  666:	
    #####:  667:	while(z-1>=0){
    #####:  668:		state->discard[currentPlayer][state->discardCount[currentPlayer]++]=temphand[z-1]; // discard all cards in play that have been drawn
    #####:  669:		z=z-1;
        -:  670:	}
        -:  671:	
    #####:  672:	return 0;
        -:  673:}
        -:  674:
    #####:  675:int smithyCard(struct gameState *state, int handPos){
    #####:  676:	int currentPlayer = whoseTurn(state);
        -:  677:	int i;
        -:  678:	
        -:  679:	//+3 Cards
    #####:  680:	for (i = 0; i < 2; i++)	//BUG: "i < 2" instead of "i < 3" causes player to draw only two cards.
    #####:  681:		drawCard(currentPlayer, state);
        -:  682:			
        -:  683:	//discard card from hand
    #####:  684:	discardCard(handPos, currentPlayer, state, 0);
    #####:  685:	return 0;
        -:  686:}
        -:  687:
    #####:  688:int ambassadorCard(struct gameState *state, int handPos, int choice1, int choice2){
    #####:  689:	int currentPlayer = whoseTurn(state);
        -:  690:	
    #####:  691:	int j = 0;		//used to check if player has enough cards to discard
    #####:  692:	int i = 0;
        -:  693:	
    #####:  694:	if (choice2 > 2 || choice2 < 0)
    #####:  695:		return -1;				
        -:  696:
    #####:  697:	if (choice1 == handPos)
    #####:  698:		return -1;
        -:  699:
    #####:  700:	for (i = 0; i < state->handCount[currentPlayer]; i++){
    #####:  701:		if (i != handPos && i == state->hand[currentPlayer][choice1] && i != choice1)
    #####:  702:			j++;
        -:  703:	}
    #####:  704:	if (j < choice2)
    #####:  705:		return -1;				
        -:  706:
        -:  707:	if (DEBUG) 
        -:  708:		printf("Player %d reveals card number: %d\n", currentPlayer, state->hand[currentPlayer][choice1]);
        -:  709:
        -:  710:	//increase supply count for chosen card by amount being discarded
        -:  711:	//BUG: "state->supplyCount[state->hand[currentPlayer][choice1]] += choice2;" commented out, card not returned to supply.
        -:  712:			
        -:  713:	//each other player gains a copy of revealed card
    #####:  714:	for (i = 0; i < state->numPlayers; i++){
    #####:  715:		if (i != currentPlayer)
    #####:  716:			gainCard(state->hand[currentPlayer][choice1], state, 0, i);
        -:  717:	}
        -:  718:
        -:  719:	//discard played card from hand
    #####:  720:	discardCard(handPos, currentPlayer, state, 0);			
        -:  721:
        -:  722:	//trash copies of cards returned to supply
    #####:  723:	for (j = 0; j < choice2; j++){
    #####:  724:		for (i = 0; i < state->handCount[currentPlayer]; i++){
    #####:  725:			if (state->hand[currentPlayer][i] == state->hand[currentPlayer][choice1]){
    #####:  726:				discardCard(i, currentPlayer, state, 1);
    #####:  727:				break;
        -:  728:	}}}
        -:  729:
    #####:  730:	return 0;
        -:  731:}
        -:  732:
    #####:  733:int outpostCard(struct gameState *state, int handPos){	//BUG: NONE.
    #####:  734:	int currentPlayer = whoseTurn(state);
        -:  735:
        -:  736:	//set outpost flag
    #####:  737:	state->outpostPlayed++;
        -:  738:			
        -:  739:	//discard card
    #####:  740:	discardCard(handPos, currentPlayer, state, 0);
    #####:  741:	return 0;
        -:  742:}
        -:  743:
        8:  744:int stewardCard(struct gameState *state, int handPos, int choice1, int choice2, int choice3){
        8:  745:	int currentPlayer = whoseTurn(state);
        -:  746:	
        8:  747:	if (choice1 == 1){
        -:  748:		//+2 cards
        4:  749:		drawCard(currentPlayer, state);
        4:  750:		drawCard(currentPlayer, state);
        -:  751:	}
        4:  752:	else if (choice1 == 2){
        -:  753:		//+2 coins
    #####:  754:		state->coins = state->coins + 2;
        -:  755:	}
        -:  756:	else{
        -:  757:		//trash 2 cards in hand
        4:  758:		discardCard(choice2, currentPlayer, state, 0);	//BUG: "discardCard(,,,0)" instead of "discardCard(,,,1)" sends the card to the discard pile instead of the trash pile.
        4:  759:		discardCard(choice3, currentPlayer, state, 0);	//BUG: "discardCard(,,,0)" instead of "discardCard(,,,1)" sends the card to the discard pile instead of the trash pile.
        -:  760:	}
        -:  761:			
        -:  762:	//discard card from hand
        8:  763:	discardCard(handPos, currentPlayer, state, 0);
        8:  764:	return 0;
        -:  765:}
        -:  766:
        -:  767://END REFACTORING
        -:  768:
        -:  769:
        -:  770:
    #####:  771:int cardEffect(int card, int choice1, int choice2, int choice3, struct gameState *state, int handPos, int *bonus)
        -:  772:{
        -:  773:  int i;
        -:  774:  int j;
        -:  775:  int k;
        -:  776:  int x;
        -:  777:  int index;
    #####:  778:  int currentPlayer = whoseTurn(state);
    #####:  779:  int nextPlayer = currentPlayer + 1;
        -:  780:
    #####:  781:  int tributeRevealedCards[2] = {-1, -1};
        -:  782:  int temphand[MAX_HAND];// moved above the if statement
    #####:  783:  int drawntreasure=0;
        -:  784:  //int cardDrawn;
        -:  785:  //int z = 0;// this is the counter for the temp hand
    #####:  786:  if (nextPlayer > (state->numPlayers - 1)){
    #####:  787:    nextPlayer = 0;
        -:  788:  }
        -:  789:  
        -:  790:	
        -:  791:  //uses switch to select card and perform actions
    #####:  792:  switch( card ) 
        -:  793:    {
        -:  794:    case adventurer:
    #####:  795:		adventurerCard(state, handPos, drawntreasure, temphand);
        -:  796:		
        -:  797:    case council_room:
        -:  798:      //+4 Cards
    #####:  799:      for (i = 0; i < 4; i++)
        -:  800:	{
    #####:  801:	  drawCard(currentPlayer, state);
        -:  802:	}
        -:  803:			
        -:  804:      //+1 Buy
    #####:  805:      state->numBuys++;
        -:  806:			
        -:  807:      //Each other player draws a card
    #####:  808:      for (i = 0; i < state->numPlayers; i++)
        -:  809:	{
    #####:  810:	  if ( i != currentPlayer )
        -:  811:	    {
    #####:  812:	      drawCard(i, state);
        -:  813:	    }
        -:  814:	}
        -:  815:			
        -:  816:      //put played card in played card pile
    #####:  817:      discardCard(handPos, currentPlayer, state, 0);
        -:  818:			
    #####:  819:      return 0;
        -:  820:			
        -:  821:    case feast:
        -:  822:      //gain card with cost up to 5
        -:  823:      //Backup hand
    #####:  824:      for (i = 0; i <= state->handCount[currentPlayer]; i++){
    #####:  825:	temphand[i] = state->hand[currentPlayer][i];//Backup card
    #####:  826:	state->hand[currentPlayer][i] = -1;//Set to nothing
        -:  827:      }
        -:  828:      //Backup hand
        -:  829:
        -:  830:      //Update Coins for Buy
    #####:  831:      updateCoins(currentPlayer, state, 5);
    #####:  832:      x = 1;//Condition to loop on
    #####:  833:      while( x == 1) {//Buy one card
    #####:  834:	if (supplyCount(choice1, state) <= 0){
        -:  835:	  if (DEBUG)
        -:  836:	    printf("None of that card left, sorry!\n");
        -:  837:
        -:  838:	  if (DEBUG){
        -:  839:	    printf("Cards Left: %d\n", supplyCount(choice1, state));
        -:  840:	  }
        -:  841:	}
    #####:  842:	else if (state->coins < getCost(choice1)){
    #####:  843:	  printf("That card is too expensive!\n");
        -:  844:
        -:  845:	  if (DEBUG){
        -:  846:	    printf("Coins: %d < %d\n", state->coins, getCost(choice1));
        -:  847:	  }
        -:  848:	}
        -:  849:	else{
        -:  850:
        -:  851:	  if (DEBUG){
        -:  852:	    printf("Deck Count: %d\n", state->handCount[currentPlayer] + state->deckCount[currentPlayer] + state->discardCount[currentPlayer]);
        -:  853:	  }
        -:  854:
    #####:  855:	  gainCard(choice1, state, 0, currentPlayer);//Gain the card
    #####:  856:	  x = 0;//No more buying cards
        -:  857:
        -:  858:	  if (DEBUG){
        -:  859:	    printf("Deck Count: %d\n", state->handCount[currentPlayer] + state->deckCount[currentPlayer] + state->discardCount[currentPlayer]);
        -:  860:	  }
        -:  861:
        -:  862:	}
        -:  863:      }     
        -:  864:
        -:  865:      //Reset Hand
    #####:  866:      for (i = 0; i <= state->handCount[currentPlayer]; i++){
    #####:  867:	state->hand[currentPlayer][i] = temphand[i];
    #####:  868:	temphand[i] = -1;
        -:  869:      }
        -:  870:      //Reset Hand
        -:  871:      			
    #####:  872:      return 0;
        -:  873:			
        -:  874:    case gardens:
    #####:  875:      return -1;
        -:  876:			
        -:  877:    case mine:
    #####:  878:      j = state->hand[currentPlayer][choice1];  //store card we will trash
        -:  879:
    #####:  880:      if (state->hand[currentPlayer][choice1] < copper || state->hand[currentPlayer][choice1] > gold)
        -:  881:	{
    #####:  882:	  return -1;
        -:  883:	}
        -:  884:		
    #####:  885:      if (choice2 > treasure_map || choice2 < curse)
        -:  886:	{
    #####:  887:	  return -1;
        -:  888:	}
        -:  889:
    #####:  890:      if ( (getCost(state->hand[currentPlayer][choice1]) + 3) > getCost(choice2) )
        -:  891:	{
    #####:  892:	  return -1;
        -:  893:	}
        -:  894:
    #####:  895:      gainCard(choice2, state, 2, currentPlayer);
        -:  896:
        -:  897:      //discard card from hand
    #####:  898:      discardCard(handPos, currentPlayer, state, 0);
        -:  899:
        -:  900:      //discard trashed card
    #####:  901:      for (i = 0; i < state->handCount[currentPlayer]; i++)
        -:  902:	{
    #####:  903:	  if (state->hand[currentPlayer][i] == j)
        -:  904:	    {
    #####:  905:	      discardCard(i, currentPlayer, state, 0);			
    #####:  906:	      break;
        -:  907:	    }
        -:  908:	}
        -:  909:			
    #####:  910:      return 0;
        -:  911:			
        -:  912:    case remodel:
    #####:  913:      j = state->hand[currentPlayer][choice1];  //store card we will trash
        -:  914:
    #####:  915:      if ( (getCost(state->hand[currentPlayer][choice1]) + 2) > getCost(choice2) )
        -:  916:	{
    #####:  917:	  return -1;
        -:  918:	}
        -:  919:
    #####:  920:      gainCard(choice2, state, 0, currentPlayer);
        -:  921:
        -:  922:      //discard card from hand
    #####:  923:      discardCard(handPos, currentPlayer, state, 0);
        -:  924:
        -:  925:      //discard trashed card
    #####:  926:      for (i = 0; i < state->handCount[currentPlayer]; i++)
        -:  927:	{
    #####:  928:	  if (state->hand[currentPlayer][i] == j)
        -:  929:	    {
    #####:  930:	      discardCard(i, currentPlayer, state, 0);			
    #####:  931:	      break;
        -:  932:	    }
        -:  933:	}
        -:  934:
        -:  935:
    #####:  936:      return 0;
        -:  937:		
        -:  938:    case smithy:
    #####:  939:		smithyCard(state, handPos);
        -:  940:		
        -:  941:    case village:
        -:  942:      //+1 Card
    #####:  943:      drawCard(currentPlayer, state);
        -:  944:			
        -:  945:      //+2 Actions
    #####:  946:      state->numActions = state->numActions + 2;
        -:  947:			
        -:  948:      //discard played card from hand
    #####:  949:      discardCard(handPos, currentPlayer, state, 0);
    #####:  950:      return 0;
        -:  951:		
        -:  952:    case baron:
    #####:  953:      state->numBuys++;//Increase buys by 1!
    #####:  954:      if (choice1 > 0){//Boolean true or going to discard an estate
    #####:  955:	int p = 0;//Iterator for hand!
    #####:  956:	int card_not_discarded = 1;//Flag for discard set!
    #####:  957:	while(card_not_discarded){
    #####:  958:	  if (state->hand[currentPlayer][p] == estate){//Found an estate card!
    #####:  959:	    state->coins += 4;//Add 4 coins to the amount of coins
    #####:  960:	    state->discard[currentPlayer][state->discardCount[currentPlayer]] = state->hand[currentPlayer][p];
    #####:  961:	    state->discardCount[currentPlayer]++;
    #####:  962:	    for (;p < state->handCount[currentPlayer]; p++){
    #####:  963:	      state->hand[currentPlayer][p] = state->hand[currentPlayer][p+1];
        -:  964:	    }
    #####:  965:	    state->hand[currentPlayer][state->handCount[currentPlayer]] = -1;
    #####:  966:	    state->handCount[currentPlayer]--;
    #####:  967:	    card_not_discarded = 0;//Exit the loop
        -:  968:	  }
    #####:  969:	  else if (p > state->handCount[currentPlayer]){
        -:  970:	    if(DEBUG) {
        -:  971:	      printf("No estate cards in your hand, invalid choice\n");
        -:  972:	      printf("Must gain an estate if there are any\n");
        -:  973:	    }
    #####:  974:	    if (supplyCount(estate, state) > 0){
    #####:  975:	      gainCard(estate, state, 0, currentPlayer);
    #####:  976:	      state->supplyCount[estate]--;//Decrement estates
    #####:  977:	      if (supplyCount(estate, state) == 0){
    #####:  978:		isGameOver(state);
        -:  979:	      }
        -:  980:	    }
    #####:  981:	    card_not_discarded = 0;//Exit the loop
        -:  982:	  }
        -:  983:			    
        -:  984:	  else{
    #####:  985:	    p++;//Next card
        -:  986:	  }
        -:  987:	}
        -:  988:      }
        -:  989:			    
        -:  990:      else{
    #####:  991:	if (supplyCount(estate, state) > 0){
    #####:  992:	  gainCard(estate, state, 0, currentPlayer);//Gain an estate
    #####:  993:	  state->supplyCount[estate]--;//Decrement Estates
    #####:  994:	  if (supplyCount(estate, state) == 0){
    #####:  995:	    isGameOver(state);
        -:  996:	  }
        -:  997:	}
        -:  998:      }
        -:  999:	    
        -: 1000:      
    #####: 1001:      return 0;
        -: 1002:		
        -: 1003:    case great_hall:
        -: 1004:      //+1 Card
    #####: 1005:      drawCard(currentPlayer, state);
        -: 1006:			
        -: 1007:      //+1 Actions
    #####: 1008:      state->numActions++;
        -: 1009:			
        -: 1010:      //discard card from hand
    #####: 1011:      discardCard(handPos, currentPlayer, state, 0);
    #####: 1012:      return 0;
        -: 1013:		
        -: 1014:    case minion:
        -: 1015:      //+1 action
    #####: 1016:      state->numActions++;
        -: 1017:			
        -: 1018:      //discard card from hand
    #####: 1019:      discardCard(handPos, currentPlayer, state, 0);
        -: 1020:			
    #####: 1021:      if (choice1)		//+2 coins
        -: 1022:	{
    #####: 1023:	  state->coins = state->coins + 2;
        -: 1024:	}
        -: 1025:			
    #####: 1026:      else if (choice2)		//discard hand, redraw 4, other players with 5+ cards discard hand and draw 4
        -: 1027:	{
        -: 1028:	  //discard hand
    #####: 1029:	  while(numHandCards(state) > 0)
        -: 1030:	    {
    #####: 1031:	      discardCard(handPos, currentPlayer, state, 0);
        -: 1032:	    }
        -: 1033:				
        -: 1034:	  //draw 4
    #####: 1035:	  for (i = 0; i < 4; i++)
        -: 1036:	    {
    #####: 1037:	      drawCard(currentPlayer, state);
        -: 1038:	    }
        -: 1039:				
        -: 1040:	  //other players discard hand and redraw if hand size > 4
    #####: 1041:	  for (i = 0; i < state->numPlayers; i++)
        -: 1042:	    {
    #####: 1043:	      if (i != currentPlayer)
        -: 1044:		{
    #####: 1045:		  if ( state->handCount[i] > 4 )
        -: 1046:		    {
        -: 1047:		      //discard hand
    #####: 1048:		      while( state->handCount[i] > 0 )
        -: 1049:			{
    #####: 1050:			  discardCard(handPos, i, state, 0);
        -: 1051:			}
        -: 1052:							
        -: 1053:		      //draw 4
    #####: 1054:		      for (j = 0; j < 4; j++)
        -: 1055:			{
    #####: 1056:			  drawCard(i, state);
        -: 1057:			}
        -: 1058:		    }
        -: 1059:		}
        -: 1060:	    }
        -: 1061:				
        -: 1062:	}
    #####: 1063:      return 0;
        -: 1064:		
        -: 1065:    case steward:
    #####: 1066:		stewardCard(state, handPos, choice1, choice2, choice3);
        -: 1067:		
        -: 1068:    case tribute:
    #####: 1069:      if ((state->discardCount[nextPlayer] + state->deckCount[nextPlayer]) <= 1){
    #####: 1070:	if (state->deckCount[nextPlayer] > 0){
    #####: 1071:	  tributeRevealedCards[0] = state->deck[nextPlayer][state->deckCount[nextPlayer]-1];
    #####: 1072:	  state->deckCount[nextPlayer]--;
        -: 1073:	}
    #####: 1074:	else if (state->discardCount[nextPlayer] > 0){
    #####: 1075:	  tributeRevealedCards[0] = state->discard[nextPlayer][state->discardCount[nextPlayer]-1];
    #####: 1076:	  state->discardCount[nextPlayer]--;
        -: 1077:	}
        -: 1078:	else{
        -: 1079:	  //No Card to Reveal
        -: 1080:	  if (DEBUG){
        -: 1081:	    printf("No cards to reveal\n");
        -: 1082:	  }
        -: 1083:	}
        -: 1084:      }
        -: 1085:	    
        -: 1086:      else{
    #####: 1087:	if (state->deckCount[nextPlayer] == 0){
    #####: 1088:	  for (i = 0; i < state->discardCount[nextPlayer]; i++){
    #####: 1089:	    state->deck[nextPlayer][i] = state->discard[nextPlayer][i];//Move to deck
    #####: 1090:	    state->deckCount[nextPlayer]++;
    #####: 1091:	    state->discard[nextPlayer][i] = -1;
    #####: 1092:	    state->discardCount[nextPlayer]--;
        -: 1093:	  }
        -: 1094:			    
    #####: 1095:	  shuffle(nextPlayer,state);//Shuffle the deck
        -: 1096:	} 
    #####: 1097:	tributeRevealedCards[0] = state->deck[nextPlayer][state->deckCount[nextPlayer]-1];
    #####: 1098:	state->deck[nextPlayer][state->deckCount[nextPlayer]--] = -1;
    #####: 1099:	state->deckCount[nextPlayer]--;
    #####: 1100:	tributeRevealedCards[1] = state->deck[nextPlayer][state->deckCount[nextPlayer]-1];
    #####: 1101:	state->deck[nextPlayer][state->deckCount[nextPlayer]--] = -1;
    #####: 1102:	state->deckCount[nextPlayer]--;
        -: 1103:      }    
        -: 1104:		       
    #####: 1105:      if (tributeRevealedCards[0] == tributeRevealedCards[1]){//If we have a duplicate card, just drop one 
    #####: 1106:	state->playedCards[state->playedCardCount] = tributeRevealedCards[1];
    #####: 1107:	state->playedCardCount++;
    #####: 1108:	tributeRevealedCards[1] = -1;
        -: 1109:      }
        -: 1110:
    #####: 1111:      for (i = 0; i <= 2; i ++){
    #####: 1112:	if (tributeRevealedCards[i] == copper || tributeRevealedCards[i] == silver || tributeRevealedCards[i] == gold){//Treasure cards
    #####: 1113:	  state->coins += 2;
        -: 1114:	}
        -: 1115:		    
    #####: 1116:	else if (tributeRevealedCards[i] == estate || tributeRevealedCards[i] == duchy || tributeRevealedCards[i] == province || tributeRevealedCards[i] == gardens || tributeRevealedCards[i] == great_hall){//Victory Card Found
    #####: 1117:	  drawCard(currentPlayer, state);
    #####: 1118:	  drawCard(currentPlayer, state);
        -: 1119:	}
        -: 1120:	else{//Action Card
    #####: 1121:	  state->numActions = state->numActions + 2;
        -: 1122:	}
        -: 1123:      }
        -: 1124:	    
    #####: 1125:      return 0;
        -: 1126:		
        -: 1127:    case ambassador:
    #####: 1128:		ambassadorCard(state, handPos, choice1, choice2);
        -: 1129:		
        -: 1130:    case cutpurse:
        -: 1131:
    #####: 1132:      updateCoins(currentPlayer, state, 2);
    #####: 1133:      for (i = 0; i < state->numPlayers; i++)
        -: 1134:	{
    #####: 1135:	  if (i != currentPlayer)
        -: 1136:	    {
    #####: 1137:	      for (j = 0; j < state->handCount[i]; j++)
        -: 1138:		{
    #####: 1139:		  if (state->hand[i][j] == copper)
        -: 1140:		    {
    #####: 1141:		      discardCard(j, i, state, 0);
    #####: 1142:		      break;
        -: 1143:		    }
    #####: 1144:		  if (j == state->handCount[i])
        -: 1145:		    {
    #####: 1146:		      for (k = 0; k < state->handCount[i]; k++)
        -: 1147:			{
        -: 1148:			  if (DEBUG)
        -: 1149:			    printf("Player %d reveals card number %d\n", i, state->hand[i][k]);
        -: 1150:			}	
    #####: 1151:		      break;
        -: 1152:		    }		
        -: 1153:		}
        -: 1154:					
        -: 1155:	    }
        -: 1156:				
        -: 1157:	}				
        -: 1158:
        -: 1159:      //discard played card from hand
    #####: 1160:      discardCard(handPos, currentPlayer, state, 0);			
        -: 1161:
    #####: 1162:      return 0;
        -: 1163:
        -: 1164:		
        -: 1165:    case embargo: 
        -: 1166:      //+2 Coins
    #####: 1167:      state->coins = state->coins + 2;
        -: 1168:			
        -: 1169:      //see if selected pile is in play
    #####: 1170:      if ( state->supplyCount[choice1] == -1 )
        -: 1171:	{
    #####: 1172:	  return -1;
        -: 1173:	}
        -: 1174:			
        -: 1175:      //add embargo token to selected supply pile
    #####: 1176:      state->embargoTokens[choice1]++;
        -: 1177:			
        -: 1178:      //trash card
    #####: 1179:      discardCard(handPos, currentPlayer, state, 1);		
    #####: 1180:      return 0;
        -: 1181:		
        -: 1182:    case outpost:
    #####: 1183:		outpostCard(state, handPos);
        -: 1184:	
        -: 1185:    case salvager:
        -: 1186:      //+1 buy
    #####: 1187:      state->numBuys++;
        -: 1188:			
    #####: 1189:      if (choice1)
        -: 1190:	{
        -: 1191:	  //gain coins equal to trashed card
    #####: 1192:	  state->coins = state->coins + getCost( handCard(choice1, state) );
        -: 1193:	  //trash card
    #####: 1194:	  discardCard(choice1, currentPlayer, state, 1);	
        -: 1195:	}
        -: 1196:			
        -: 1197:      //discard card
    #####: 1198:      discardCard(handPos, currentPlayer, state, 0);
    #####: 1199:      return 0;
        -: 1200:		
        -: 1201:    case sea_hag:
    #####: 1202:      for (i = 0; i < state->numPlayers; i++){
    #####: 1203:	if (i != currentPlayer){
    #####: 1204:	  state->discard[i][state->discardCount[i]] = state->deck[i][state->deckCount[i]--];			    state->deckCount[i]--;
    #####: 1205:	  state->discardCount[i]++;
    #####: 1206:	  state->deck[i][state->deckCount[i]--] = curse;//Top card now a curse
        -: 1207:	}
        -: 1208:      }
    #####: 1209:      return 0;
        -: 1210:		
        -: 1211:    case treasure_map:
        -: 1212:      //search hand for another treasure_map
    #####: 1213:      index = -1;
    #####: 1214:      for (i = 0; i < state->handCount[currentPlayer]; i++)
        -: 1215:	{
    #####: 1216:	  if (state->hand[currentPlayer][i] == treasure_map && i != handPos)
        -: 1217:	    {
    #####: 1218:	      index = i;
    #####: 1219:	      break;
        -: 1220:	    }
        -: 1221:	}
    #####: 1222:      if (index > -1)
        -: 1223:	{
        -: 1224:	  //trash both treasure cards
    #####: 1225:	  discardCard(handPos, currentPlayer, state, 1);
    #####: 1226:	  discardCard(index, currentPlayer, state, 1);
        -: 1227:
        -: 1228:	  //gain 4 Gold cards
    #####: 1229:	  for (i = 0; i < 4; i++)
        -: 1230:	    {
    #####: 1231:	      gainCard(gold, state, 1, currentPlayer);
        -: 1232:	    }
        -: 1233:				
        -: 1234:	  //return success
    #####: 1235:	  return 1;
        -: 1236:	}
        -: 1237:			
        -: 1238:      //no second treasure_map found in hand
    #####: 1239:      return -1;
        -: 1240:    }
        -: 1241:	
    #####: 1242:  return -1;
        -: 1243:}
        -: 1244:
       16: 1245:int discardCard(int handPos, int currentPlayer, struct gameState *state, int trashFlag)
        -: 1246:{
        -: 1247:	
        -: 1248:  //if card is not trashed, added to Played pile 
       16: 1249:  if (trashFlag < 1)
        -: 1250:    {
        -: 1251:      //add card to played pile
       16: 1252:      state->playedCards[state->playedCardCount] = state->hand[currentPlayer][handPos]; 
       16: 1253:      state->playedCardCount++;
        -: 1254:    }
        -: 1255:	
        -: 1256:  //set played card to -1
       16: 1257:  state->hand[currentPlayer][handPos] = -1;
        -: 1258:	
        -: 1259:  //remove card from player's hand
       16: 1260:  if ( handPos == (state->handCount[currentPlayer] - 1) ) 	//last card in hand array is played
        -: 1261:    {
        -: 1262:      //reduce number of cards in hand
        3: 1263:      state->handCount[currentPlayer]--;
        -: 1264:    }
       13: 1265:  else if ( state->handCount[currentPlayer] == 1 ) //only one card in hand
        -: 1266:    {
        -: 1267:      //reduce number of cards in hand
        2: 1268:      state->handCount[currentPlayer]--;
        -: 1269:    }
        -: 1270:  else 	
        -: 1271:    {
        -: 1272:      //replace discarded card with last card in hand
       11: 1273:      state->hand[currentPlayer][handPos] = state->hand[currentPlayer][ (state->handCount[currentPlayer] - 1)];
        -: 1274:      //set last card to -1
       11: 1275:      state->hand[currentPlayer][state->handCount[currentPlayer] - 1] = -1;
        -: 1276:      //reduce number of cards in hand
       11: 1277:      state->handCount[currentPlayer]--;
        -: 1278:    }
        -: 1279:	
       16: 1280:  return 0;
        -: 1281:}
        -: 1282:
    #####: 1283:int gainCard(int supplyPos, struct gameState *state, int toFlag, int player)
        -: 1284:{
        -: 1285:  //Note: supplyPos is enum of choosen card
        -: 1286:	
        -: 1287:  //check if supply pile is empty (0) or card is not used in game (-1)
    #####: 1288:  if ( supplyCount(supplyPos, state) < 1 )
        -: 1289:    {
    #####: 1290:      return -1;
        -: 1291:    }
        -: 1292:	
        -: 1293:  //added card for [whoseTurn] current player:
        -: 1294:  // toFlag = 0 : add to discard
        -: 1295:  // toFlag = 1 : add to deck
        -: 1296:  // toFlag = 2 : add to hand
        -: 1297:
    #####: 1298:  if (toFlag == 1)
        -: 1299:    {
    #####: 1300:      state->deck[ player ][ state->deckCount[player] ] = supplyPos;
    #####: 1301:      state->deckCount[player]++;
        -: 1302:    }
    #####: 1303:  else if (toFlag == 2)
        -: 1304:    {
    #####: 1305:      state->hand[ player ][ state->handCount[player] ] = supplyPos;
    #####: 1306:      state->handCount[player]++;
        -: 1307:    }
        -: 1308:  else
        -: 1309:    {
    #####: 1310:      state->discard[player][ state->discardCount[player] ] = supplyPos;
    #####: 1311:      state->discardCount[player]++;
        -: 1312:    }
        -: 1313:	
        -: 1314:  //decrease number in supply pile
    #####: 1315:  state->supplyCount[supplyPos]--;
        -: 1316:	 
    #####: 1317:  return 0;
        -: 1318:}
        -: 1319:
        1: 1320:int updateCoins(int player, struct gameState *state, int bonus)
        -: 1321:{
        -: 1322:  int i;
        -: 1323:	
        -: 1324:  //reset coin count
        1: 1325:  state->coins = 0;
        -: 1326:
        -: 1327:  //add coins for each Treasure card in player's hand
        6: 1328:  for (i = 0; i < state->handCount[player]; i++)
        -: 1329:    {
        5: 1330:      if (state->hand[player][i] == copper)
        -: 1331:	{
        3: 1332:	  state->coins += 1;
        -: 1333:	}
        2: 1334:      else if (state->hand[player][i] == silver)
        -: 1335:	{
    #####: 1336:	  state->coins += 2;
        -: 1337:	}
        2: 1338:      else if (state->hand[player][i] == gold)
        -: 1339:	{
    #####: 1340:	  state->coins += 3;
        -: 1341:	}	
        -: 1342:    }	
        -: 1343:
        -: 1344:  //add bonus
        1: 1345:  state->coins += bonus;
        -: 1346:
        1: 1347:  return 0;
        -: 1348:}
        -: 1349:
        -: 1350:
        -: 1351://end of dominion.c
        -: 1352:
