        -:    0:Source:unittest4.c
        -:    0:Graph:unittest4.gcno
        -:    0:Data:unittest4.gcda
        -:    0:Runs:1
        -:    0:Programs:1
        -:    1:#include "assert.h"
        -:    2:#include "dominion.h"
        -:    3:#include <stdio.h>
        -:    4:#include "rngs.h"
        -:    5:#include <stdlib.h>
        -:    6:
        -:    7://test function shuffle()
        1:    8:int main(int argc, char ** argv){
        -:    9:	struct gameState G;
        1:   10:	int result, rando = 0;
        1:   11:	int k[10] = {adventurer, gardens, embargo, village, minion, mine, cutpurse, sea_hag, tribute, smithy};
        1:   12:	rando = rand() % 10;
        1:   13:	result = initializeGame(2, k, rando, &G);
        1:   14:	assert(result == 0);
        1:   15:	printf("Unittest 4:\n");
        -:   16:	
        -:   17:	//test a bad value for the deck size
        1:   18:	G.deckCount[1] = -10;
        1:   19:	result = shuffle(1, &G);
        1:   20:	assert(result == -1);
        -:   21:	
        -:   22:	//test valid values
        1:   23:	G.deckCount[1] = 3;
        1:   24:	result = shuffle(1, &G);
        1:   25:	assert(result == 0);
        -:   26:		
        1:   27:	printf("TEST SUCCESSFULLY COMPLETED.\n");
        1:   28:	return 0;
        -:   29:}
