        -:    0:Source:unittest3.c
        -:    0:Graph:unittest3.gcno
        -:    0:Data:unittest3.gcda
        -:    0:Runs:1
        -:    0:Programs:1
        -:    1:#include "assert.h"
        -:    2:#include "dominion.h"
        -:    3:#include <stdio.h>
        -:    4:#include "rngs.h"
        -:    5:#include <stdlib.h>
        -:    6:
        -:    7://test function getCost()
        -:    8://int getCost(int);
        1:    9:int main(int argc, char ** argv){
        -:   10:	struct gameState G;
        1:   11:	int result, value, rando = 0;
        1:   12:	int k[10] = {adventurer, gardens, embargo, village, minion, mine, cutpurse, sea_hag, tribute, smithy};
        1:   13:	rando = rand() % 10;
        1:   14:	result = initializeGame(2, k, rando, &G);
        1:   15:	assert(result == 0);
        1:   16:	printf("Unittest 3:\n");
        -:   17:	
        -:   18:	//test bad case
        1:   19:	value = -1;
        1:   20:	result = getCost(value);
        -:   21:	//assert(result == -1);
        -:   22:	
        -:   23:	//testing good case
        1:   24:	value = 1;
        1:   25:	result = getCost(value);
        -:   26:	//assert(result == 0);
        1:   27:	value = 2;
        1:   28:	result = getCost(value);
        -:   29:	//assert(result == 2);
        -:   30:	
        1:   31:	printf("TEST SUCCESSFULLY COMPLETED.\n");
        1:   32:	return 0;
        -:   33:}
