        -:    0:Source:unittest1.c
        -:    0:Graph:unittest1.gcno
        -:    0:Data:unittest1.gcda
        -:    0:Runs:1
        -:    0:Programs:1
        -:    1:#include "assert.h"
        -:    2:#include "dominion.h"
        -:    3:#include <stdio.h>
        -:    4:#include "rngs.h"
        -:    5:#include <stdlib.h>
        -:    6:
        -:    7://test function main() for game completion
        1:    8:int main(int argc, char ** argv){
        -:    9:	struct gameState G;
        1:   10:	int result, rando = 0;
        1:   11:	int k[10] = {adventurer, gardens, embargo, village, minion, mine, cutpurse, sea_hag, tribute, smithy};
        1:   12:	rando = rand() % 10;
        1:   13:	result = initializeGame(2, k, rando, &G);
        1:   14:	assert(result == 0);
        1:   15:	printf("Unittest 1:\n");
        -:   16:	
       27:   17:	for(int i = 25; i >= 0; i--){
       26:   18:		G.supplyCount[i] = i;
       26:   19:		result = isGameOver(&G);
        -:   20:	}
        -:   21:	
        1:   22:	assert(result == 0);
        -:   23:	
        1:   24:	printf("TEST SUCCESSFULLY COMPLETED.\n");
        1:   25:	return 0;
        -:   26:}
